[2025-04-26 13:50:52] [ERROR] Error in staff list: SQLSTATE[42S22]: Column not found: 1054 Unknown column 's.name' in 'order clause'
[2025-04-26 13:50:59] [ERROR] Error in staff list: SQLSTATE[42S22]: Column not found: 1054 Unknown column 's.name' in 'order clause'
[2025-04-26 13:51:34] [ERROR] Error in staff list: SQLSTATE[42S22]: Column not found: 1054 Unknown column 's.name' in 'order clause'
[2025-04-26 13:52:55] [ERROR] Error in staff list: SQLSTATE[42S22]: Column not found: 1054 Unknown column 's.name' in 'order clause'
[2025-04-26 13:52:59] [ERROR] Error in staff list: SQLSTATE[42S22]: Column not found: 1054 Unknown column 's.name' in 'order clause'
[2025-04-26 13:53:25] [ERROR] Error in staff list: SQLSTATE[42S22]: Column not found: 1054 Unknown column 's.name' in 'order clause'
[2025-04-26 13:58:22] [ERROR] Error in staff list: SQLSTATE[42S22]: Column not found: 1054 Unknown column 's.name' in 'order clause'
[2025-04-26 14:22:43] [ERROR] Error in staff list: SQLSTATE[42S22]: Column not found: 1054 Unknown column 's.name' in 'order clause'
[2025-04-26 14:23:00] [ERROR] Error in staff list: SQLSTATE[42S22]: Column not found: 1054 Unknown column 's.name' in 'order clause'
[2025-04-26 14:23:16] [ERROR] Error in staff list: SQLSTATE[42S22]: Column not found: 1054 Unknown column 's.name' in 'order clause'
[2025-04-26 14:25:12] [ERROR] Error in staff list: SQLSTATE[42S22]: Column not found: 1054 Unknown column 's.name' in 'order clause'
[2025-04-26 14:38:10] [ERROR] Error in staff list: SQLSTATE[42S22]: Column not found: 1054 Unknown column 's.name' in 'order clause'
[2025-04-26 16:31:28] [ERROR] Error in staff list: SQLSTATE[42S22]: Column not found: 1054 Unknown column 's.name' in 'order clause'
[2025-04-26 16:33:44] [ERROR] Error in staff list: SQLSTATE[42S22]: Column not found: 1054 Unknown column 's.name' in 'order clause'
[2025-04-26 16:33:46] [ERROR] Error in staff list: SQLSTATE[42S22]: Column not found: 1054 Unknown column 's.name' in 'order clause'
[2025-04-26 16:34:09] [ERROR] Error adding staff: SQLSTATE[42S22]: Column not found: 1054 Unknown column 'name' in 'field list'
[2025-04-26 16:55:55] [ERROR] Error in staff list: SQLSTATE[42S22]: Column not found: 1054 Unknown column 's.name' in 'order clause'
[2025-04-26 16:56:44] [ERROR] Error adding staff: SQLSTATE[42S22]: Column not found: 1054 Unknown column 'name' in 'field list'
[2025-04-26 16:57:37] [ERROR] Error adding staff: SQLSTATE[42S22]: Column not found: 1054 Unknown column 'name' in 'field list'
[2025-04-26 16:58:24] [ERROR] Error in staff list: SQLSTATE[42S22]: Column not found: 1054 Unknown column 's.name' in 'order clause'
[2025-04-26 16:58:31] [ERROR] Error in staff list: SQLSTATE[42S22]: Column not found: 1054 Unknown column 's.name' in 'order clause'
[2025-04-26 16:58:34] [ERROR] Error in staff list: SQLSTATE[42S22]: Column not found: 1054 Unknown column 's.name' in 'where clause'
[2025-04-26 16:58:39] [ERROR] Error in staff list: SQLSTATE[42S22]: Column not found: 1054 Unknown column 's.name' in 'order clause'
[2025-04-26 17:06:18] [ERROR] Error in staff list: SQLSTATE[42S22]: Column not found: 1054 Unknown column 's.name' in 'order clause'
[2025-04-26 17:06:20] [ERROR] Error in staff list: SQLSTATE[42S22]: Column not found: 1054 Unknown column 's.name' in 'order clause'
[2025-04-26 17:08:51] [ERROR] Error in staff list: SQLSTATE[42S22]: Column not found: 1054 Unknown column 's.name' in 'order clause'
[2025-04-26 17:18:42] [ERROR] Error in staff list: SQLSTATE[42S22]: Column not found: 1054 Unknown column 's.name' in 'order clause'
[2025-04-26 17:19:39] [ERROR] Error in staff list: SQLSTATE[42S22]: Column not found: 1054 Unknown column 's.name' in 'order clause'
[2025-04-27 09:56:58] [ERROR] Error in staff list: SQLSTATE[42S22]: Column not found: 1054 Unknown column 's.name' in 'order clause'
[2025-04-27 10:10:05] [ERROR] Error in staff list: SQLSTATE[42S22]: Column not found: 1054 Unknown column 's.name' in 'order clause'
[2025-04-27 10:13:47] [ERROR] Error in staff list: SQLSTATE[42S22]: Column not found: 1054 Unknown column 's.name' in 'order clause'
[2025-04-27 10:16:24] [ERROR] Error in staff list: SQLSTATE[42S22]: Column not found: 1054 Unknown column 's.name' in 'order clause'
[2025-04-27 10:22:42] [ERROR] Error in staff list: SQLSTATE[42S22]: Column not found: 1054 Unknown column 's.name' in 'order clause'
[2025-04-27 10:23:36] [ERROR] Error in staff list: SQLSTATE[42S22]: Column not found: 1054 Unknown column 's.name' in 'order clause'
[2025-04-27 10:27:44] [ERROR] Error in staff list: SQLSTATE[42S22]: Column not found: 1054 Unknown column 's.name' in 'order clause'
[2025-04-27 10:36:05] [ERROR] Error in staff list: SQLSTATE[42S22]: Column not found: 1054 Unknown column 's.name' in 'order clause'
[2025-04-27 10:38:24] [ERROR] Error in staff list: SQLSTATE[42S22]: Column not found: 1054 Unknown column 's.name' in 'order clause'
[2025-04-27 10:41:19] [ERROR] Error in staff list: SQLSTATE[42S22]: Column not found: 1054 Unknown column 's.name' in 'order clause'
[2025-04-27 10:51:19] [ERROR] Error in staff list: SQLSTATE[42S22]: Column not found: 1054 Unknown column 's.name' in 'order clause'
[2025-04-27 10:51:21] [ERROR] Error in staff list: SQLSTATE[42S22]: Column not found: 1054 Unknown column 's.name' in 'order clause'
[2025-04-27 11:08:39] [ERROR] Error in staff list: SQLSTATE[42S22]: Column not found: 1054 Unknown column 's.name' in 'order clause'
[2025-04-27 11:11:22] [ERROR] Error in staff list: SQLSTATE[42S22]: Column not found: 1054 Unknown column 's.name' in 'order clause'
[2025-04-27 11:12:39] [ERROR] Error in staff list: SQLSTATE[42S22]: Column not found: 1054 Unknown column 's.name' in 'order clause'
[2025-04-27 11:15:58] [ERROR] Error in staff list: SQLSTATE[42S22]: Column not found: 1054 Unknown column 's.name' in 'order clause'
[2025-04-27 11:20:40] [ERROR] Error in staff list: SQLSTATE[42S22]: Column not found: 1054 Unknown column 's.name' in 'order clause'
[2025-04-27 11:48:12] [ERROR] Error in staff list: SQLSTATE[42S22]: Column not found: 1054 Unknown column 's.name' in 'order clause'
[2025-04-27 11:57:20] [ERROR] Error in staff list: SQLSTATE[42S22]: Column not found: 1054 Unknown column 's.name' in 'order clause'
[2025-04-27 12:01:25] [ERROR] Error in staff list: SQLSTATE[42S22]: Column not found: 1054 Unknown column 's.name' in 'order clause'
[2025-04-27 12:44:08] [ERROR] Error in staff list: SQLSTATE[42S22]: Column not found: 1054 Unknown column 's.name' in 'order clause'
[2025-04-27 12:44:49] [ERROR] Error adding staff: SQLSTATE[42S22]: Column not found: 1054 Unknown column 'name' in 'field list'
[2025-04-27 12:45:38] [ERROR] Error adding staff: SQLSTATE[42S22]: Column not found: 1054 Unknown column 'name' in 'field list'
[2025-04-27 12:45:49] [ERROR] Error in staff list: SQLSTATE[42S22]: Column not found: 1054 Unknown column 's.name' in 'order clause'
[2025-04-27 12:52:36] [INFO] Staff added: ID 5, Name: timz
[2025-04-27 12:53:14] [INFO] Staff added: ID 6, Name: timz bro
[2025-04-27 12:54:13] [INFO] Staff deleted: ID 5, Name: timz 
[2025-04-27 12:54:30] [INFO] Staff deleted: ID 6, Name: timz bro
[2025-04-27 13:02:37] [INFO] Staff added: ID 7, Name: timz
[2025-04-27 13:03:28] [INFO] Staff deleted: ID 7, Name: timz 
